info it worked if it ends with ok
verbose cli [ 'node', '/usr/local/bin/npm', 'install', 'fibers' ]
info using npm@1.1.0
info using node@v0.7.0-pre
verbose /usr/local/bin/node node symlink
verbose config file /Users/v13inc/.npmrc
verbose config file /usr/local/etc/npmrc
verbose config file /usr/local/lib/node_modules/npm/npmrc
verbose caching /Users/v13inc/projects/phantomjs/node_modules/socket.io/package.json
verbose loadDefaults socket.io@0.8.7
verbose cache add [ 'fibers', null ]
silly cache add: name, spec, args [ undefined, 'fibers', [ 'fibers', null ] ]
verbose parsed url { pathname: 'fibers', path: 'fibers', href: 'fibers' }
verbose addNamed [ 'fibers', '' ]
verbose addNamed [ null, '' ]
silly name, range, hasData [ 'fibers', '', false ]
verbose raw, before any munging fibers
verbose url resolving [ 'https://registry.npmjs.org/', './fibers' ]
verbose url resolved https://registry.npmjs.org/fibers
http GET https://registry.npmjs.org/fibers
http 200 https://registry.npmjs.org/fibers
silly get cb [ 200,
silly get cb   { vary: 'Accept',
silly get cb     server: 'CouchDB/1.1.0 (Erlang OTP/R14B04)',
silly get cb     etag: '"F1U8DNCC628KSEDH3IPECIW5E"',
silly get cb     date: 'Sun, 22 Jan 2012 14:00:06 GMT',
silly get cb     'content-type': 'application/json',
silly get cb     'content-length': '38031' } ]
verbose mkdir (expected) error ENOENT, no such file or directory '/Users/v13inc/.npm/fibers'
verbose mkdir done: /Users/v13inc/.npm/fibers 755
silly name, range, hasData 2 [ 'fibers', '', true ]
silly versions [ 'fibers',
silly versions   [ '0.1.0',
silly versions     '0.1.1',
silly versions     '0.1.2',
silly versions     '0.1.3',
silly versions     '0.1.4',
silly versions     '0.1.6',
silly versions     '0.1.7',
silly versions     '0.1.8',
silly versions     '0.2.0',
silly versions     '0.2.1',
silly versions     '0.2.2',
silly versions     '0.2.3',
silly versions     '0.2.4',
silly versions     '0.2.5',
silly versions     '0.2.6',
silly versions     '0.5.0',
silly versions     '0.6.0',
silly versions     '0.5.1',
silly versions     '0.6.1',
silly versions     '0.6.2',
silly versions     '0.6.3',
silly versions     '0.6.4' ] ]
verbose bin dist [ null,
verbose bin dist   { shasum: '2b7665d217bd806b56481ca190783c8fd3f5159b',
verbose bin dist     tarball: 'http://registry.npmjs.org/fibers/-/fibers-0.6.4.tgz' } ]
verbose addRemoteTarball [ 'https://registry.npmjs.org/fibers/-/fibers-0.6.4.tgz',
verbose addRemoteTarball   '2b7665d217bd806b56481ca190783c8fd3f5159b' ]
verbose mkdir (expected) error ENOENT, no such file or directory '/var/folders/Ez/Ezp-OEjiHbSkBiLx6s0io++++TI/-Tmp-/npm-1327240806390'
verbose mkdir (expected) error ENOENT, no such file or directory '/var/folders/Ez/Ezp-OEjiHbSkBiLx6s0io++++TI/-Tmp-/npm-1327240806390/1327240806390-0.982691558310762'
verbose mkdir done: /var/folders/Ez/Ezp-OEjiHbSkBiLx6s0io++++TI/-Tmp-/npm-1327240806390/1327240806390-0.982691558310762 755
verbose fetch to /var/folders/Ez/Ezp-OEjiHbSkBiLx6s0io++++TI/-Tmp-/npm-1327240806390/1327240806390-0.982691558310762/tmp.tgz
http GET https://registry.npmjs.org/fibers/-/fibers-0.6.4.tgz
http 200 https://registry.npmjs.org/fibers/-/fibers-0.6.4.tgz
silly updated sha bytes 25553
info shasum 2b7665d217bd806b56481ca190783c8fd3f5159b
info shasum /var/folders/Ez/Ezp-OEjiHbSkBiLx6s0io++++TI/-Tmp-/npm-1327240806390/1327240806390-0.982691558310762/tmp.tgz
verbose mkdir (expected) error ENOENT, no such file or directory '/var/folders/Ez/Ezp-OEjiHbSkBiLx6s0io++++TI/-Tmp-/npm-1327240806390/1327240806390-0.982691558310762/___package.npm'
verbose mkdir done: /var/folders/Ez/Ezp-OEjiHbSkBiLx6s0io++++TI/-Tmp-/npm-1327240806390/1327240806390-0.982691558310762/___package.npm 755
verbose unpack_ uid, gid [ undefined, undefined ]
verbose unpackTarget /var/folders/Ez/Ezp-OEjiHbSkBiLx6s0io++++TI/-Tmp-/npm-1327240806390/1327240806390-0.982691558310762/package
silly gunzTarPerm modes [ '755', '644' ]
silly afterUntar undefined
silly asyncMap in gTP /var/folders/Ez/Ezp-OEjiHbSkBiLx6s0io++++TI/-Tmp-/npm-1327240806390/1327240806390-0.982691558310762/___package.npm/package
silly asyncMap in gTP /var/folders/Ez/Ezp-OEjiHbSkBiLx6s0io++++TI/-Tmp-/npm-1327240806390/1327240806390-0.982691558310762/___package.npm/package/.npmignore
silly asyncMap in gTP /var/folders/Ez/Ezp-OEjiHbSkBiLx6s0io++++TI/-Tmp-/npm-1327240806390/1327240806390-0.982691558310762/___package.npm/package/fibers.js
silly asyncMap in gTP /var/folders/Ez/Ezp-OEjiHbSkBiLx6s0io++++TI/-Tmp-/npm-1327240806390/1327240806390-0.982691558310762/___package.npm/package/future.js
silly asyncMap in gTP /var/folders/Ez/Ezp-OEjiHbSkBiLx6s0io++++TI/-Tmp-/npm-1327240806390/1327240806390-0.982691558310762/___package.npm/package/LICENSE
silly asyncMap in gTP /var/folders/Ez/Ezp-OEjiHbSkBiLx6s0io++++TI/-Tmp-/npm-1327240806390/1327240806390-0.982691558310762/___package.npm/package/Makefile
silly asyncMap in gTP /var/folders/Ez/Ezp-OEjiHbSkBiLx6s0io++++TI/-Tmp-/npm-1327240806390/1327240806390-0.982691558310762/___package.npm/package/package.json
silly asyncMap in gTP /var/folders/Ez/Ezp-OEjiHbSkBiLx6s0io++++TI/-Tmp-/npm-1327240806390/1327240806390-0.982691558310762/___package.npm/package/README.md
silly asyncMap in gTP /var/folders/Ez/Ezp-OEjiHbSkBiLx6s0io++++TI/-Tmp-/npm-1327240806390/1327240806390-0.982691558310762/___package.npm/package/test.sh
silly asyncMap in gTP /var/folders/Ez/Ezp-OEjiHbSkBiLx6s0io++++TI/-Tmp-/npm-1327240806390/1327240806390-0.982691558310762/___package.npm/package/test
silly asyncMap in gTP /var/folders/Ez/Ezp-OEjiHbSkBiLx6s0io++++TI/-Tmp-/npm-1327240806390/1327240806390-0.982691558310762/___package.npm/package/test/already-running.js
silly asyncMap in gTP /var/folders/Ez/Ezp-OEjiHbSkBiLx6s0io++++TI/-Tmp-/npm-1327240806390/1327240806390-0.982691558310762/___package.npm/package/test/bad-context.js
silly asyncMap in gTP /var/folders/Ez/Ezp-OEjiHbSkBiLx6s0io++++TI/-Tmp-/npm-1327240806390/1327240806390-0.982691558310762/___package.npm/package/test/child-process.js
silly asyncMap in gTP /var/folders/Ez/Ezp-OEjiHbSkBiLx6s0io++++TI/-Tmp-/npm-1327240806390/1327240806390-0.982691558310762/___package.npm/package/test/current.js
silly asyncMap in gTP /var/folders/Ez/Ezp-OEjiHbSkBiLx6s0io++++TI/-Tmp-/npm-1327240806390/1327240806390-0.982691558310762/___package.npm/package/test/exec.js
silly asyncMap in gTP /var/folders/Ez/Ezp-OEjiHbSkBiLx6s0io++++TI/-Tmp-/npm-1327240806390/1327240806390-0.982691558310762/___package.npm/package/test/exit.js
silly asyncMap in gTP /var/folders/Ez/Ezp-OEjiHbSkBiLx6s0io++++TI/-Tmp-/npm-1327240806390/1327240806390-0.982691558310762/___package.npm/package/test/fibonacci.js
silly asyncMap in gTP /var/folders/Ez/Ezp-OEjiHbSkBiLx6s0io++++TI/-Tmp-/npm-1327240806390/1327240806390-0.982691558310762/___package.npm/package/test/finish-multiple.js
silly asyncMap in gTP /var/folders/Ez/Ezp-OEjiHbSkBiLx6s0io++++TI/-Tmp-/npm-1327240806390/1327240806390-0.982691558310762/___package.npm/package/test/future.js
silly asyncMap in gTP /var/folders/Ez/Ezp-OEjiHbSkBiLx6s0io++++TI/-Tmp-/npm-1327240806390/1327240806390-0.982691558310762/___package.npm/package/test/illegal-yield.js
silly asyncMap in gTP /var/folders/Ez/Ezp-OEjiHbSkBiLx6s0io++++TI/-Tmp-/npm-1327240806390/1327240806390-0.982691558310762/___package.npm/package/test/pool.js
silly asyncMap in gTP /var/folders/Ez/Ezp-OEjiHbSkBiLx6s0io++++TI/-Tmp-/npm-1327240806390/1327240806390-0.982691558310762/___package.npm/package/test/process-title.js
silly asyncMap in gTP /var/folders/Ez/Ezp-OEjiHbSkBiLx6s0io++++TI/-Tmp-/npm-1327240806390/1327240806390-0.982691558310762/___package.npm/package/test/stack-overflow.js
silly asyncMap in gTP /var/folders/Ez/Ezp-OEjiHbSkBiLx6s0io++++TI/-Tmp-/npm-1327240806390/1327240806390-0.982691558310762/___package.npm/package/test/started.js
silly asyncMap in gTP /var/folders/Ez/Ezp-OEjiHbSkBiLx6s0io++++TI/-Tmp-/npm-1327240806390/1327240806390-0.982691558310762/___package.npm/package/test/unwind.js
silly asyncMap in gTP /var/folders/Ez/Ezp-OEjiHbSkBiLx6s0io++++TI/-Tmp-/npm-1327240806390/1327240806390-0.982691558310762/___package.npm/package/src
silly asyncMap in gTP /var/folders/Ez/Ezp-OEjiHbSkBiLx6s0io++++TI/-Tmp-/npm-1327240806390/1327240806390-0.982691558310762/___package.npm/package/src/coroutine.cc
silly asyncMap in gTP /var/folders/Ez/Ezp-OEjiHbSkBiLx6s0io++++TI/-Tmp-/npm-1327240806390/1327240806390-0.982691558310762/___package.npm/package/src/coroutine.h
silly asyncMap in gTP /var/folders/Ez/Ezp-OEjiHbSkBiLx6s0io++++TI/-Tmp-/npm-1327240806390/1327240806390-0.982691558310762/___package.npm/package/src/fibers.cc
silly asyncMap in gTP /var/folders/Ez/Ezp-OEjiHbSkBiLx6s0io++++TI/-Tmp-/npm-1327240806390/1327240806390-0.982691558310762/___package.npm/package/src/Makefile
silly asyncMap in gTP /var/folders/Ez/Ezp-OEjiHbSkBiLx6s0io++++TI/-Tmp-/npm-1327240806390/1327240806390-0.982691558310762/___package.npm/package/src/platform.mk
silly asyncMap in gTP /var/folders/Ez/Ezp-OEjiHbSkBiLx6s0io++++TI/-Tmp-/npm-1327240806390/1327240806390-0.982691558310762/___package.npm/package/src/libcoro
silly asyncMap in gTP /var/folders/Ez/Ezp-OEjiHbSkBiLx6s0io++++TI/-Tmp-/npm-1327240806390/1327240806390-0.982691558310762/___package.npm/package/src/libcoro/conftest.c
silly asyncMap in gTP /var/folders/Ez/Ezp-OEjiHbSkBiLx6s0io++++TI/-Tmp-/npm-1327240806390/1327240806390-0.982691558310762/___package.npm/package/src/libcoro/coro.c
silly asyncMap in gTP /var/folders/Ez/Ezp-OEjiHbSkBiLx6s0io++++TI/-Tmp-/npm-1327240806390/1327240806390-0.982691558310762/___package.npm/package/src/libcoro/coro.h
silly asyncMap in gTP /var/folders/Ez/Ezp-OEjiHbSkBiLx6s0io++++TI/-Tmp-/npm-1327240806390/1327240806390-0.982691558310762/___package.npm/package/src/libcoro/LICENSE
silly asyncMap in gTP /var/folders/Ez/Ezp-OEjiHbSkBiLx6s0io++++TI/-Tmp-/npm-1327240806390/1327240806390-0.982691558310762/___package.npm/package/src/libcoro/README
verbose gunzed /var/folders/Ez/Ezp-OEjiHbSkBiLx6s0io++++TI/-Tmp-/npm-1327240806390/1327240806390-0.982691558310762/___package.npm/package
verbose rm'ed /var/folders/Ez/Ezp-OEjiHbSkBiLx6s0io++++TI/-Tmp-/npm-1327240806390/1327240806390-0.982691558310762/package
verbose renamed [ '/var/folders/Ez/Ezp-OEjiHbSkBiLx6s0io++++TI/-Tmp-/npm-1327240806390/1327240806390-0.982691558310762/___package.npm/package',
verbose renamed   '/var/folders/Ez/Ezp-OEjiHbSkBiLx6s0io++++TI/-Tmp-/npm-1327240806390/1327240806390-0.982691558310762/package' ]
verbose caching /var/folders/Ez/Ezp-OEjiHbSkBiLx6s0io++++TI/-Tmp-/npm-1327240806390/1327240806390-0.982691558310762/package/package.json
verbose loadDefaults fibers@0.6.4
verbose tarball contents [ 'package', 'tmp.tgz' ]
verbose from cache /var/folders/Ez/Ezp-OEjiHbSkBiLx6s0io++++TI/-Tmp-/npm-1327240806390/1327240806390-0.982691558310762/package/package.json
verbose pack /var/folders/Ez/Ezp-OEjiHbSkBiLx6s0io++++TI/-Tmp-/npm-1327240806390/1327240806390-0.982691558310762/package
verbose pack /var/folders/Ez/Ezp-OEjiHbSkBiLx6s0io++++TI/-Tmp-/npm-1327240806390/1327240806390-0.982691558310762/package /Users/v13inc/.npm/fibers/0.6.4/package.tgz
silly makeList /var/folders/Ez/Ezp-OEjiHbSkBiLx6s0io++++TI/-Tmp-/npm-1327240806390/1327240806390-0.982691558310762/package
silly dir, dirLen [ '/var/folders/Ez/Ezp-OEjiHbSkBiLx6s0io++++TI/-Tmp-/npm-1327240806390/1327240806390-0.982691558310762/package',
silly dir, dirLen   108 ]
verbose tarball /Users/v13inc/.npm/fibers/0.6.4/package.tgz
verbose parent /var/folders/Ez/Ezp-OEjiHbSkBiLx6s0io++++TI/-Tmp-/npm-1327240806390/1327240806390-0.982691558310762/package
verbose mkdir (expected) error ENOENT, no such file or directory '/Users/v13inc/.npm/fibers/0.6.4/___package.npm'
verbose mkdir done: /Users/v13inc/.npm/fibers/0.6.4/___package.npm 755
verbose unpack_ uid, gid [ undefined, undefined ]
verbose unpackTarget /Users/v13inc/.npm/fibers/0.6.4/package
silly gunzTarPerm modes [ '755', '644' ]
silly afterUntar undefined
silly asyncMap in gTP /Users/v13inc/.npm/fibers/0.6.4/___package.npm/package
silly asyncMap in gTP /Users/v13inc/.npm/fibers/0.6.4/___package.npm/package/.npmignore
silly asyncMap in gTP /Users/v13inc/.npm/fibers/0.6.4/___package.npm/package/fibers.js
silly asyncMap in gTP /Users/v13inc/.npm/fibers/0.6.4/___package.npm/package/future.js
silly asyncMap in gTP /Users/v13inc/.npm/fibers/0.6.4/___package.npm/package/LICENSE
silly asyncMap in gTP /Users/v13inc/.npm/fibers/0.6.4/___package.npm/package/Makefile
silly asyncMap in gTP /Users/v13inc/.npm/fibers/0.6.4/___package.npm/package/package.json
silly asyncMap in gTP /Users/v13inc/.npm/fibers/0.6.4/___package.npm/package/README.md
silly asyncMap in gTP /Users/v13inc/.npm/fibers/0.6.4/___package.npm/package/test.sh
silly asyncMap in gTP /Users/v13inc/.npm/fibers/0.6.4/___package.npm/package/test
silly asyncMap in gTP /Users/v13inc/.npm/fibers/0.6.4/___package.npm/package/test/already-running.js
silly asyncMap in gTP /Users/v13inc/.npm/fibers/0.6.4/___package.npm/package/test/bad-context.js
silly asyncMap in gTP /Users/v13inc/.npm/fibers/0.6.4/___package.npm/package/test/child-process.js
silly asyncMap in gTP /Users/v13inc/.npm/fibers/0.6.4/___package.npm/package/test/current.js
silly asyncMap in gTP /Users/v13inc/.npm/fibers/0.6.4/___package.npm/package/test/exec.js
silly asyncMap in gTP /Users/v13inc/.npm/fibers/0.6.4/___package.npm/package/test/exit.js
silly asyncMap in gTP /Users/v13inc/.npm/fibers/0.6.4/___package.npm/package/test/fibonacci.js
silly asyncMap in gTP /Users/v13inc/.npm/fibers/0.6.4/___package.npm/package/test/finish-multiple.js
silly asyncMap in gTP /Users/v13inc/.npm/fibers/0.6.4/___package.npm/package/test/future.js
silly asyncMap in gTP /Users/v13inc/.npm/fibers/0.6.4/___package.npm/package/test/illegal-yield.js
silly asyncMap in gTP /Users/v13inc/.npm/fibers/0.6.4/___package.npm/package/test/pool.js
silly asyncMap in gTP /Users/v13inc/.npm/fibers/0.6.4/___package.npm/package/test/process-title.js
silly asyncMap in gTP /Users/v13inc/.npm/fibers/0.6.4/___package.npm/package/test/stack-overflow.js
silly asyncMap in gTP /Users/v13inc/.npm/fibers/0.6.4/___package.npm/package/test/started.js
silly asyncMap in gTP /Users/v13inc/.npm/fibers/0.6.4/___package.npm/package/test/unwind.js
silly asyncMap in gTP /Users/v13inc/.npm/fibers/0.6.4/___package.npm/package/src
silly asyncMap in gTP /Users/v13inc/.npm/fibers/0.6.4/___package.npm/package/src/coroutine.cc
silly asyncMap in gTP /Users/v13inc/.npm/fibers/0.6.4/___package.npm/package/src/coroutine.h
silly asyncMap in gTP /Users/v13inc/.npm/fibers/0.6.4/___package.npm/package/src/fibers.cc
silly asyncMap in gTP /Users/v13inc/.npm/fibers/0.6.4/___package.npm/package/src/Makefile
silly asyncMap in gTP /Users/v13inc/.npm/fibers/0.6.4/___package.npm/package/src/platform.mk
silly asyncMap in gTP /Users/v13inc/.npm/fibers/0.6.4/___package.npm/package/src/libcoro
silly asyncMap in gTP /Users/v13inc/.npm/fibers/0.6.4/___package.npm/package/src/libcoro/conftest.c
silly asyncMap in gTP /Users/v13inc/.npm/fibers/0.6.4/___package.npm/package/src/libcoro/coro.c
silly asyncMap in gTP /Users/v13inc/.npm/fibers/0.6.4/___package.npm/package/src/libcoro/coro.h
silly asyncMap in gTP /Users/v13inc/.npm/fibers/0.6.4/___package.npm/package/src/libcoro/LICENSE
silly asyncMap in gTP /Users/v13inc/.npm/fibers/0.6.4/___package.npm/package/src/libcoro/README
verbose gunzed /Users/v13inc/.npm/fibers/0.6.4/___package.npm/package
verbose rm'ed /Users/v13inc/.npm/fibers/0.6.4/package
verbose renamed [ '/Users/v13inc/.npm/fibers/0.6.4/___package.npm/package',
verbose renamed   '/Users/v13inc/.npm/fibers/0.6.4/package' ]
verbose caching /Users/v13inc/.npm/fibers/0.6.4/package/package.json
verbose loadDefaults fibers@0.6.4
silly updated sha bytes 25560
info shasum 82f23d0879a1c327004c875d896a15a7a4d2bed5
info shasum /Users/v13inc/.npm/fibers/0.6.4/package.tgz
verbose from cache /Users/v13inc/.npm/fibers/0.6.4/package/package.json
verbose chmod /Users/v13inc/.npm/fibers/0.6.4/package.tgz 644
verbose chown [ '/Users/v13inc/.npm/fibers/0.6.4/package.tgz', 501, 20 ]
silly resolved [ { name: 'fibers',
silly resolved     version: '0.6.4',
silly resolved     description: 'Cooperative multi-tasking for Javascript; or, the closest thing to a thread you\'ll see in node',
silly resolved     keywords: 
silly resolved      [ 'fiber',
silly resolved        'fibers',
silly resolved        'coroutine',
silly resolved        'thread',
silly resolved        'async',
silly resolved        'parallel',
silly resolved        'worker',
silly resolved        'future',
silly resolved        'promise' ],
silly resolved     homepage: 'https://github.com/laverdet/node-fibers',
silly resolved     author: 
silly resolved      { name: 'Marcel Laverdet',
silly resolved        email: 'marcel@laverdet.com',
silly resolved        url: 'https://github.com/laverdet/' },
silly resolved     main: 'fibers',
silly resolved     scripts: { install: 'make clean all' },
silly resolved     man: [ './man/fibers.1' ],
silly resolved     repository: 
silly resolved      { type: 'git',
silly resolved        url: 'git://github.com/laverdet/node-fibers.git' },
silly resolved     os: [ 'macos', 'linux' ],
silly resolved     engines: { node: '>=0.5.2' },
silly resolved     _id: 'fibers@0.6.4',
silly resolved     dependencies: {},
silly resolved     devDependencies: {},
silly resolved     optionalDependencies: {},
silly resolved     _engineSupported: true,
silly resolved     _npmVersion: '1.1.0',
silly resolved     _nodeVersion: 'v0.7.0-pre',
silly resolved     _defaultsLoaded: true,
silly resolved     dist: { shasum: '82f23d0879a1c327004c875d896a15a7a4d2bed5' } } ]
info into /Users/v13inc/projects/phantomjs fibers@0.6.4
info installOne fibers@0.6.4
info unbuild /Users/v13inc/projects/phantomjs/node_modules/fibers
verbose from cache /Users/v13inc/.npm/fibers/0.6.4/package/package.json
verbose mkdir (expected) error ENOENT, no such file or directory '/Users/v13inc/projects/phantomjs/node_modules/___fibers.npm'
verbose mkdir done: /Users/v13inc/projects/phantomjs/node_modules/___fibers.npm 755
verbose unpack_ uid, gid [ undefined, undefined ]
verbose unpackTarget /Users/v13inc/projects/phantomjs/node_modules/fibers
silly gunzTarPerm modes [ '755', '644' ]
silly afterUntar undefined
silly asyncMap in gTP /Users/v13inc/projects/phantomjs/node_modules/___fibers.npm/package
silly asyncMap in gTP /Users/v13inc/projects/phantomjs/node_modules/___fibers.npm/package/.npmignore
silly asyncMap in gTP /Users/v13inc/projects/phantomjs/node_modules/___fibers.npm/package/fibers.js
silly asyncMap in gTP /Users/v13inc/projects/phantomjs/node_modules/___fibers.npm/package/future.js
silly asyncMap in gTP /Users/v13inc/projects/phantomjs/node_modules/___fibers.npm/package/LICENSE
silly asyncMap in gTP /Users/v13inc/projects/phantomjs/node_modules/___fibers.npm/package/Makefile
silly asyncMap in gTP /Users/v13inc/projects/phantomjs/node_modules/___fibers.npm/package/package.json
silly asyncMap in gTP /Users/v13inc/projects/phantomjs/node_modules/___fibers.npm/package/README.md
silly asyncMap in gTP /Users/v13inc/projects/phantomjs/node_modules/___fibers.npm/package/test.sh
silly asyncMap in gTP /Users/v13inc/projects/phantomjs/node_modules/___fibers.npm/package/test
silly asyncMap in gTP /Users/v13inc/projects/phantomjs/node_modules/___fibers.npm/package/test/already-running.js
silly asyncMap in gTP /Users/v13inc/projects/phantomjs/node_modules/___fibers.npm/package/test/bad-context.js
silly asyncMap in gTP /Users/v13inc/projects/phantomjs/node_modules/___fibers.npm/package/test/child-process.js
silly asyncMap in gTP /Users/v13inc/projects/phantomjs/node_modules/___fibers.npm/package/test/current.js
silly asyncMap in gTP /Users/v13inc/projects/phantomjs/node_modules/___fibers.npm/package/test/exec.js
silly asyncMap in gTP /Users/v13inc/projects/phantomjs/node_modules/___fibers.npm/package/test/exit.js
silly asyncMap in gTP /Users/v13inc/projects/phantomjs/node_modules/___fibers.npm/package/test/fibonacci.js
silly asyncMap in gTP /Users/v13inc/projects/phantomjs/node_modules/___fibers.npm/package/test/finish-multiple.js
silly asyncMap in gTP /Users/v13inc/projects/phantomjs/node_modules/___fibers.npm/package/test/future.js
silly asyncMap in gTP /Users/v13inc/projects/phantomjs/node_modules/___fibers.npm/package/test/illegal-yield.js
silly asyncMap in gTP /Users/v13inc/projects/phantomjs/node_modules/___fibers.npm/package/test/pool.js
silly asyncMap in gTP /Users/v13inc/projects/phantomjs/node_modules/___fibers.npm/package/test/process-title.js
silly asyncMap in gTP /Users/v13inc/projects/phantomjs/node_modules/___fibers.npm/package/test/stack-overflow.js
silly asyncMap in gTP /Users/v13inc/projects/phantomjs/node_modules/___fibers.npm/package/test/started.js
silly asyncMap in gTP /Users/v13inc/projects/phantomjs/node_modules/___fibers.npm/package/test/unwind.js
silly asyncMap in gTP /Users/v13inc/projects/phantomjs/node_modules/___fibers.npm/package/src
silly asyncMap in gTP /Users/v13inc/projects/phantomjs/node_modules/___fibers.npm/package/src/coroutine.cc
silly asyncMap in gTP /Users/v13inc/projects/phantomjs/node_modules/___fibers.npm/package/src/coroutine.h
silly asyncMap in gTP /Users/v13inc/projects/phantomjs/node_modules/___fibers.npm/package/src/fibers.cc
silly asyncMap in gTP /Users/v13inc/projects/phantomjs/node_modules/___fibers.npm/package/src/Makefile
silly asyncMap in gTP /Users/v13inc/projects/phantomjs/node_modules/___fibers.npm/package/src/platform.mk
silly asyncMap in gTP /Users/v13inc/projects/phantomjs/node_modules/___fibers.npm/package/src/libcoro
silly asyncMap in gTP /Users/v13inc/projects/phantomjs/node_modules/___fibers.npm/package/src/libcoro/conftest.c
silly asyncMap in gTP /Users/v13inc/projects/phantomjs/node_modules/___fibers.npm/package/src/libcoro/coro.c
silly asyncMap in gTP /Users/v13inc/projects/phantomjs/node_modules/___fibers.npm/package/src/libcoro/coro.h
silly asyncMap in gTP /Users/v13inc/projects/phantomjs/node_modules/___fibers.npm/package/src/libcoro/LICENSE
silly asyncMap in gTP /Users/v13inc/projects/phantomjs/node_modules/___fibers.npm/package/src/libcoro/README
verbose gunzed /Users/v13inc/projects/phantomjs/node_modules/___fibers.npm/package
verbose rm'ed /Users/v13inc/projects/phantomjs/node_modules/fibers
verbose renamed [ '/Users/v13inc/projects/phantomjs/node_modules/___fibers.npm/package',
verbose renamed   '/Users/v13inc/projects/phantomjs/node_modules/fibers' ]
verbose caching /Users/v13inc/projects/phantomjs/node_modules/fibers/package.json
verbose loadDefaults fibers@0.6.4
info preinstall fibers@0.6.4
verbose from cache /Users/v13inc/projects/phantomjs/node_modules/fibers/package.json
silly resolved []
verbose about to build /Users/v13inc/projects/phantomjs/node_modules/fibers
info build /Users/v13inc/projects/phantomjs/node_modules/fibers
verbose from cache /Users/v13inc/projects/phantomjs/node_modules/fibers/package.json
verbose linkStuff [ false,
verbose linkStuff   false,
verbose linkStuff   false,
verbose linkStuff   '/Users/v13inc/projects/phantomjs/node_modules' ]
info linkStuff fibers@0.6.4
verbose linkBins fibers@0.6.4
verbose linkMans fibers@0.6.4
verbose rebuildBundles fibers@0.6.4
info install fibers@0.6.4
verbose unsafe-perm in lifecycle true
silly exec sh "-c" "make clean all"
silly spawning [ 'sh',
silly spawning   [ '-c', 'make clean all' ],
silly spawning   '/Users/v13inc/projects/phantomjs/node_modules/fibers' ]
info fibers@0.6.4 Failed to exec install script
ERR! error installing fibers@0.6.4
info unbuild /Users/v13inc/projects/phantomjs/node_modules/fibers
verbose from cache /Users/v13inc/projects/phantomjs/node_modules/fibers/package.json
info preuninstall fibers@0.6.4
info uninstall fibers@0.6.4
verbose unbuild fibers@0.6.4 [ true,
verbose unbuild fibers@0.6.4   '/Users/v13inc/projects/phantomjs/node_modules',
verbose unbuild fibers@0.6.4   '/Users/v13inc/projects/phantomjs/node_modules' ]
info postuninstall fibers@0.6.4
verbose installOne cb fibers@0.6.4
ERR! fibers@0.6.4 install: `make clean all`
ERR! `sh "-c" "make clean all"` failed with 2
ERR! 
ERR! Failed at the fibers@0.6.4 install script.
ERR! This is most likely a problem with the fibers package,
ERR! not with npm itself.
ERR! Tell the author that this fails on your system:
ERR!     make clean all
ERR! You can get their info via:
ERR!     npm owner ls fibers
ERR! There is likely additional logging output above.
ERR! 
ERR! System Darwin 10.6.0
ERR! command "node" "/usr/local/bin/npm" "install" "fibers"
ERR! cwd /Users/v13inc/projects/phantomjs
ERR! node -v v0.7.0-pre
ERR! npm -v 1.1.0
ERR! code ELIFECYCLE
ERR! message fibers@0.6.4 install: `make clean all`
ERR! message `sh "-c" "make clean all"` failed with 2
ERR! errno {}
verbose exit [ 1, true ]
